{
    "FunctionName": "hello-cli",
    "FunctionArn": "arn:aws:lambda:us-east-1:215785215210:function:hello-cli:2",
    "Runtime": "nodejs12.x",
    "Role": "arn:aws:iam::215785215210:role/lambda-example",
    "Handler": "index.handler",
    "CodeSize": 313,
    "Description": "",
    "Timeout": 3,
    "MemorySize": 128,
    "LastModified": "2023-01-08T04:11:21.000+0000",
    "CodeSha256": "rC4rCPQKnVjTSWH1lIyjHNxCiIPYww/0wk5qAjR1JVU=",
    "Version": "2",
    "TracingConfig": {
        "Mode": "PassThrough"
    },
    "RevisionId": "bfb738ee-49da-40a2-aeae-7056df1c46de",
    "State": "Pending",
    "StateReason": "The function is being created.",
    "StateReasonCode": "Creating",
    "PackageType": "Zip",
    "Architectures": [
        "x86_64"
    ],
    "EphemeralStorage": {
        "Size": 512
    },
    "SnapStart": {
        "ApplyOn": "None",
        "OptimizationStatus": "Off"
    }
}
