{
    "Role": {
        "Path": "/",
        "RoleName": "lambda-example",
        "RoleId": "AROATEPONCTVH46JROXJP",
        "Arn": "arn:aws:iam::215785215210:role/lambda-example",
        "CreateDate": "2023-01-08T03:59:43+00:00",
        "AssumeRolePolicyDocument": {
            "Version": "2012-10-17",
            "Statement": [
                {
                    "Effect": "Allow",
                    "Principal": {
                        "Service": "lambda.amazonaws.com"
                    },
                    "Action": "sts:AssumeRole"
                }
            ]
        }
    }
}
